

 LOG file opened at 09/25/20 09:42:01

Field Definitions for table PRODUCT_EXT
  Record format DELIMITED BY NEWLINE
  Data in file has same endianness as the platform
  Rows with all null fields are accepted

  Fields in Data Source: 

    NO                              CHAR (255)
      Terminated by ","
      Trim whitespace same as SQL Loader
    IRUM                            CHAR (255)
      Terminated by ","
      Trim whitespace same as SQL Loader
    MAKER                           CHAR (255)
      Terminated by ","
      Trim whitespace same as SQL Loader
    PRICE                           CHAR (255)
      Terminated by ","
      Trim whitespace same as SQL Loader


 LOG file opened at 09/25/20 09:45:14

Field Definitions for table PRODUCT_EXT
  Record format DELIMITED BY NEWLINE
  Data in file has same endianness as the platform
  Rows with all null fields are accepted

  Fields in Data Source: 

    NO                              CHAR (255)
      Terminated by ","
      Trim whitespace same as SQL Loader
    IRUM                            CHAR (255)
      Terminated by ","
      Trim whitespace same as SQL Loader
    MAKER                           CHAR (255)
      Terminated by ","
      Trim whitespace same as SQL Loader
    PRICE                           CHAR (255)
      Terminated by ","
      Trim whitespace same as SQL Loader
